mode: set
github.com/filipeandrade6/fiap-pedeai-clientes/controllers/api/api.go:19.16,25.2 3 0
github.com/filipeandrade6/fiap-pedeai-clientes/helper.go:10.83,13.53 3 0
github.com/filipeandrade6/fiap-pedeai-clientes/helper.go:13.53,15.3 1 0
github.com/filipeandrade6/fiap-pedeai-clientes/helper.go:16.2,16.12 1 0
github.com/filipeandrade6/fiap-pedeai-clientes/helper.go:19.48,21.59 2 0
github.com/filipeandrade6/fiap-pedeai-clientes/helper.go:21.59,23.3 1 0
github.com/filipeandrade6/fiap-pedeai-clientes/helper.go:24.2,24.15 1 0
github.com/filipeandrade6/fiap-pedeai-clientes/helper.go:27.78,29.59 2 0
github.com/filipeandrade6/fiap-pedeai-clientes/helper.go:29.59,31.3 1 0
github.com/filipeandrade6/fiap-pedeai-clientes/helper.go:32.2,32.57 1 0
github.com/filipeandrade6/fiap-pedeai-clientes/helper.go:32.57,34.3 1 0
github.com/filipeandrade6/fiap-pedeai-clientes/helper.go:35.2,35.20 1 0
github.com/filipeandrade6/fiap-pedeai-clientes/main.go:19.13,21.85 2 0
github.com/filipeandrade6/fiap-pedeai-clientes/main.go:21.85,24.3 2 0
github.com/filipeandrade6/fiap-pedeai-clientes/main.go:33.9,51.16 5 0
github.com/filipeandrade6/fiap-pedeai-clientes/main.go:51.16,53.3 1 0
github.com/filipeandrade6/fiap-pedeai-clientes/main.go:58.2,71.12 4 0
github.com/filipeandrade6/fiap-pedeai-clientes/main.go:71.12,73.84 2 0
github.com/filipeandrade6/fiap-pedeai-clientes/main.go:73.84,75.4 1 0
github.com/filipeandrade6/fiap-pedeai-clientes/main.go:78.2,80.12 3 0
github.com/filipeandrade6/fiap-pedeai-clientes/main.go:80.12,86.58 6 0
github.com/filipeandrade6/fiap-pedeai-clientes/main.go:86.58,88.4 1 0
github.com/filipeandrade6/fiap-pedeai-clientes/main.go:90.2,92.12 2 0
github.com/filipeandrade6/fiap-pedeai-clientes/adapters/repository/postgresql/cliente.go:17.61,28.16 2 0
github.com/filipeandrade6/fiap-pedeai-clientes/adapters/repository/postgresql/cliente.go:28.16,31.3 1 0
github.com/filipeandrade6/fiap-pedeai-clientes/adapters/repository/postgresql/cliente.go:33.2,33.12 1 0
github.com/filipeandrade6/fiap-pedeai-clientes/adapters/repository/postgresql/cliente.go:36.58,38.35 2 0
github.com/filipeandrade6/fiap-pedeai-clientes/adapters/repository/postgresql/cliente.go:38.35,40.3 1 0
github.com/filipeandrade6/fiap-pedeai-clientes/adapters/repository/postgresql/cliente.go:41.2,41.16 1 0
github.com/filipeandrade6/fiap-pedeai-clientes/adapters/repository/postgresql/cliente.go:41.16,43.3 1 0
github.com/filipeandrade6/fiap-pedeai-clientes/adapters/repository/postgresql/cliente.go:45.2,46.35 2 0
github.com/filipeandrade6/fiap-pedeai-clientes/adapters/repository/postgresql/cliente.go:46.35,54.17 2 0
github.com/filipeandrade6/fiap-pedeai-clientes/adapters/repository/postgresql/cliente.go:54.17,56.4 1 0
github.com/filipeandrade6/fiap-pedeai-clientes/adapters/repository/postgresql/cliente.go:58.3,58.39 1 0
github.com/filipeandrade6/fiap-pedeai-clientes/adapters/repository/postgresql/cliente.go:61.2,61.25 1 0
github.com/filipeandrade6/fiap-pedeai-clientes/adapters/repository/postgresql/cliente.go:65.80,67.35 2 0
github.com/filipeandrade6/fiap-pedeai-clientes/adapters/repository/postgresql/cliente.go:67.35,69.3 1 0
github.com/filipeandrade6/fiap-pedeai-clientes/adapters/repository/postgresql/cliente.go:70.2,70.16 1 0
github.com/filipeandrade6/fiap-pedeai-clientes/adapters/repository/postgresql/cliente.go:70.16,72.3 1 0
github.com/filipeandrade6/fiap-pedeai-clientes/adapters/repository/postgresql/cliente.go:74.2,81.16 2 0
github.com/filipeandrade6/fiap-pedeai-clientes/adapters/repository/postgresql/cliente.go:81.16,83.3 1 0
github.com/filipeandrade6/fiap-pedeai-clientes/adapters/repository/postgresql/cliente.go:85.2,85.18 1 0
github.com/filipeandrade6/fiap-pedeai-clientes/adapters/repository/postgresql/cliente.go:88.77,90.35 2 0
github.com/filipeandrade6/fiap-pedeai-clientes/adapters/repository/postgresql/cliente.go:90.35,92.3 1 0
github.com/filipeandrade6/fiap-pedeai-clientes/adapters/repository/postgresql/cliente.go:93.2,93.16 1 0
github.com/filipeandrade6/fiap-pedeai-clientes/adapters/repository/postgresql/cliente.go:93.16,95.3 1 0
github.com/filipeandrade6/fiap-pedeai-clientes/adapters/repository/postgresql/cliente.go:97.2,104.16 2 0
github.com/filipeandrade6/fiap-pedeai-clientes/adapters/repository/postgresql/cliente.go:104.16,106.3 1 0
github.com/filipeandrade6/fiap-pedeai-clientes/adapters/repository/postgresql/cliente.go:108.2,108.18 1 0
github.com/filipeandrade6/fiap-pedeai-clientes/adapters/repository/postgresql/cliente.go:111.81,113.35 2 0
github.com/filipeandrade6/fiap-pedeai-clientes/adapters/repository/postgresql/cliente.go:113.35,115.3 1 0
github.com/filipeandrade6/fiap-pedeai-clientes/adapters/repository/postgresql/cliente.go:116.2,116.16 1 0
github.com/filipeandrade6/fiap-pedeai-clientes/adapters/repository/postgresql/cliente.go:116.16,118.3 1 0
github.com/filipeandrade6/fiap-pedeai-clientes/adapters/repository/postgresql/cliente.go:120.2,127.16 2 0
github.com/filipeandrade6/fiap-pedeai-clientes/adapters/repository/postgresql/cliente.go:127.16,129.3 1 0
github.com/filipeandrade6/fiap-pedeai-clientes/adapters/repository/postgresql/cliente.go:131.2,131.18 1 0
github.com/filipeandrade6/fiap-pedeai-clientes/adapters/repository/postgresql/cliente.go:134.61,142.16 2 0
github.com/filipeandrade6/fiap-pedeai-clientes/adapters/repository/postgresql/cliente.go:142.16,144.3 1 0
github.com/filipeandrade6/fiap-pedeai-clientes/adapters/repository/postgresql/cliente.go:146.2,146.12 1 0
github.com/filipeandrade6/fiap-pedeai-clientes/adapters/repository/postgresql/cliente.go:149.51,151.16 2 0
github.com/filipeandrade6/fiap-pedeai-clientes/adapters/repository/postgresql/cliente.go:151.16,153.3 1 0
github.com/filipeandrade6/fiap-pedeai-clientes/adapters/repository/postgresql/cliente.go:155.2,155.12 1 0
github.com/filipeandrade6/fiap-pedeai-clientes/adapters/repository/postgresql/setup.go:25.64,27.20 2 0
github.com/filipeandrade6/fiap-pedeai-clientes/adapters/repository/postgresql/setup.go:27.20,29.3 1 0
github.com/filipeandrade6/fiap-pedeai-clientes/adapters/repository/postgresql/setup.go:31.2,44.16 6 0
github.com/filipeandrade6/fiap-pedeai-clientes/adapters/repository/postgresql/setup.go:44.16,46.3 1 0
github.com/filipeandrade6/fiap-pedeai-clientes/adapters/repository/postgresql/setup.go:48.2,50.31 2 0
github.com/filipeandrade6/fiap-pedeai-clientes/adapters/repository/postgresql/db/db.go:20.28,22.2 1 0
github.com/filipeandrade6/fiap-pedeai-clientes/adapters/repository/postgresql/db/db.go:28.46,32.2 1 0
github.com/filipeandrade6/fiap-pedeai-clientes/adapters/repository/postgresql/db/queries.sql.go:29.96,46.2 4 0
github.com/filipeandrade6/fiap-pedeai-clientes/adapters/repository/postgresql/db/queries.sql.go:52.76,55.2 2 0
github.com/filipeandrade6/fiap-pedeai-clientes/adapters/repository/postgresql/db/queries.sql.go:61.90,72.2 4 0
github.com/filipeandrade6/fiap-pedeai-clientes/adapters/repository/postgresql/db/queries.sql.go:78.94,89.2 4 0
github.com/filipeandrade6/fiap-pedeai-clientes/adapters/repository/postgresql/db/queries.sql.go:98.88,109.2 4 0
github.com/filipeandrade6/fiap-pedeai-clientes/adapters/repository/postgresql/db/queries.sql.go:115.71,117.16 2 0
github.com/filipeandrade6/fiap-pedeai-clientes/adapters/repository/postgresql/db/queries.sql.go:117.16,119.3 1 0
github.com/filipeandrade6/fiap-pedeai-clientes/adapters/repository/postgresql/db/queries.sql.go:120.2,122.18 3 0
github.com/filipeandrade6/fiap-pedeai-clientes/adapters/repository/postgresql/db/queries.sql.go:122.18,130.17 2 0
github.com/filipeandrade6/fiap-pedeai-clientes/adapters/repository/postgresql/db/queries.sql.go:130.17,132.4 1 0
github.com/filipeandrade6/fiap-pedeai-clientes/adapters/repository/postgresql/db/queries.sql.go:133.3,133.27 1 0
github.com/filipeandrade6/fiap-pedeai-clientes/adapters/repository/postgresql/db/queries.sql.go:135.2,135.35 1 0
github.com/filipeandrade6/fiap-pedeai-clientes/adapters/repository/postgresql/db/queries.sql.go:135.35,137.3 1 0
github.com/filipeandrade6/fiap-pedeai-clientes/adapters/repository/postgresql/db/queries.sql.go:138.2,138.19 1 0
github.com/filipeandrade6/fiap-pedeai-clientes/adapters/repository/postgresql/db/queries.sql.go:155.85,164.2 2 0
github.com/filipeandrade6/fiap-pedeai-clientes/controllers/api/v1/entities/cliente.go:13.57,15.16 2 0
github.com/filipeandrade6/fiap-pedeai-clientes/controllers/api/v1/entities/cliente.go:15.16,17.3 1 0
github.com/filipeandrade6/fiap-pedeai-clientes/controllers/api/v1/entities/cliente.go:19.2,19.21 1 0
github.com/filipeandrade6/fiap-pedeai-clientes/controllers/api/v1/entities/cliente.go:22.56,30.2 1 0
github.com/filipeandrade6/fiap-pedeai-clientes/helper.go:10.83,13.53 3 0
github.com/filipeandrade6/fiap-pedeai-clientes/helper.go:13.53,15.3 1 0
github.com/filipeandrade6/fiap-pedeai-clientes/helper.go:16.2,16.12 1 0
github.com/filipeandrade6/fiap-pedeai-clientes/helper.go:19.48,21.59 2 0
github.com/filipeandrade6/fiap-pedeai-clientes/helper.go:21.59,23.3 1 0
github.com/filipeandrade6/fiap-pedeai-clientes/helper.go:24.2,24.15 1 0
github.com/filipeandrade6/fiap-pedeai-clientes/helper.go:27.78,29.59 2 0
github.com/filipeandrade6/fiap-pedeai-clientes/helper.go:29.59,31.3 1 0
github.com/filipeandrade6/fiap-pedeai-clientes/helper.go:32.2,32.57 1 0
github.com/filipeandrade6/fiap-pedeai-clientes/helper.go:32.57,34.3 1 0
github.com/filipeandrade6/fiap-pedeai-clientes/helper.go:35.2,35.20 1 0
github.com/filipeandrade6/fiap-pedeai-clientes/main.go:19.13,21.85 2 0
github.com/filipeandrade6/fiap-pedeai-clientes/main.go:21.85,24.3 2 0
github.com/filipeandrade6/fiap-pedeai-clientes/main.go:33.9,51.16 5 0
github.com/filipeandrade6/fiap-pedeai-clientes/main.go:51.16,53.3 1 0
github.com/filipeandrade6/fiap-pedeai-clientes/main.go:58.2,71.12 4 0
github.com/filipeandrade6/fiap-pedeai-clientes/main.go:71.12,73.84 2 0
github.com/filipeandrade6/fiap-pedeai-clientes/main.go:73.84,75.4 1 0
github.com/filipeandrade6/fiap-pedeai-clientes/main.go:78.2,80.12 3 0
github.com/filipeandrade6/fiap-pedeai-clientes/main.go:80.12,86.58 6 0
github.com/filipeandrade6/fiap-pedeai-clientes/main.go:86.58,88.4 1 0
github.com/filipeandrade6/fiap-pedeai-clientes/main.go:90.2,92.12 2 0
github.com/filipeandrade6/fiap-pedeai-clientes/adapters/repository/postgresql/cliente.go:17.61,28.16 2 0
github.com/filipeandrade6/fiap-pedeai-clientes/adapters/repository/postgresql/cliente.go:28.16,31.3 1 0
github.com/filipeandrade6/fiap-pedeai-clientes/adapters/repository/postgresql/cliente.go:33.2,33.12 1 0
github.com/filipeandrade6/fiap-pedeai-clientes/adapters/repository/postgresql/cliente.go:36.58,38.35 2 0
github.com/filipeandrade6/fiap-pedeai-clientes/adapters/repository/postgresql/cliente.go:38.35,40.3 1 0
github.com/filipeandrade6/fiap-pedeai-clientes/adapters/repository/postgresql/cliente.go:41.2,41.16 1 0
github.com/filipeandrade6/fiap-pedeai-clientes/adapters/repository/postgresql/cliente.go:41.16,43.3 1 0
github.com/filipeandrade6/fiap-pedeai-clientes/adapters/repository/postgresql/cliente.go:45.2,46.35 2 0
github.com/filipeandrade6/fiap-pedeai-clientes/adapters/repository/postgresql/cliente.go:46.35,54.17 2 0
github.com/filipeandrade6/fiap-pedeai-clientes/adapters/repository/postgresql/cliente.go:54.17,56.4 1 0
github.com/filipeandrade6/fiap-pedeai-clientes/adapters/repository/postgresql/cliente.go:58.3,58.39 1 0
github.com/filipeandrade6/fiap-pedeai-clientes/adapters/repository/postgresql/cliente.go:61.2,61.25 1 0
github.com/filipeandrade6/fiap-pedeai-clientes/adapters/repository/postgresql/cliente.go:65.80,67.35 2 0
github.com/filipeandrade6/fiap-pedeai-clientes/adapters/repository/postgresql/cliente.go:67.35,69.3 1 0
github.com/filipeandrade6/fiap-pedeai-clientes/adapters/repository/postgresql/cliente.go:70.2,70.16 1 0
github.com/filipeandrade6/fiap-pedeai-clientes/adapters/repository/postgresql/cliente.go:70.16,72.3 1 0
github.com/filipeandrade6/fiap-pedeai-clientes/adapters/repository/postgresql/cliente.go:74.2,81.16 2 0
github.com/filipeandrade6/fiap-pedeai-clientes/adapters/repository/postgresql/cliente.go:81.16,83.3 1 0
github.com/filipeandrade6/fiap-pedeai-clientes/adapters/repository/postgresql/cliente.go:85.2,85.18 1 0
github.com/filipeandrade6/fiap-pedeai-clientes/adapters/repository/postgresql/cliente.go:88.77,90.35 2 0
github.com/filipeandrade6/fiap-pedeai-clientes/adapters/repository/postgresql/cliente.go:90.35,92.3 1 0
github.com/filipeandrade6/fiap-pedeai-clientes/adapters/repository/postgresql/cliente.go:93.2,93.16 1 0
github.com/filipeandrade6/fiap-pedeai-clientes/adapters/repository/postgresql/cliente.go:93.16,95.3 1 0
github.com/filipeandrade6/fiap-pedeai-clientes/adapters/repository/postgresql/cliente.go:97.2,104.16 2 0
github.com/filipeandrade6/fiap-pedeai-clientes/adapters/repository/postgresql/cliente.go:104.16,106.3 1 0
github.com/filipeandrade6/fiap-pedeai-clientes/adapters/repository/postgresql/cliente.go:108.2,108.18 1 0
github.com/filipeandrade6/fiap-pedeai-clientes/adapters/repository/postgresql/cliente.go:111.81,113.35 2 0
github.com/filipeandrade6/fiap-pedeai-clientes/adapters/repository/postgresql/cliente.go:113.35,115.3 1 0
github.com/filipeandrade6/fiap-pedeai-clientes/adapters/repository/postgresql/cliente.go:116.2,116.16 1 0
github.com/filipeandrade6/fiap-pedeai-clientes/adapters/repository/postgresql/cliente.go:116.16,118.3 1 0
github.com/filipeandrade6/fiap-pedeai-clientes/adapters/repository/postgresql/cliente.go:120.2,127.16 2 0
github.com/filipeandrade6/fiap-pedeai-clientes/adapters/repository/postgresql/cliente.go:127.16,129.3 1 0
github.com/filipeandrade6/fiap-pedeai-clientes/adapters/repository/postgresql/cliente.go:131.2,131.18 1 0
github.com/filipeandrade6/fiap-pedeai-clientes/adapters/repository/postgresql/cliente.go:134.61,142.16 2 0
github.com/filipeandrade6/fiap-pedeai-clientes/adapters/repository/postgresql/cliente.go:142.16,144.3 1 0
github.com/filipeandrade6/fiap-pedeai-clientes/adapters/repository/postgresql/cliente.go:146.2,146.12 1 0
github.com/filipeandrade6/fiap-pedeai-clientes/adapters/repository/postgresql/cliente.go:149.51,151.16 2 0
github.com/filipeandrade6/fiap-pedeai-clientes/adapters/repository/postgresql/cliente.go:151.16,153.3 1 0
github.com/filipeandrade6/fiap-pedeai-clientes/adapters/repository/postgresql/cliente.go:155.2,155.12 1 0
github.com/filipeandrade6/fiap-pedeai-clientes/adapters/repository/postgresql/setup.go:25.64,27.20 2 0
github.com/filipeandrade6/fiap-pedeai-clientes/adapters/repository/postgresql/setup.go:27.20,29.3 1 0
github.com/filipeandrade6/fiap-pedeai-clientes/adapters/repository/postgresql/setup.go:31.2,44.16 6 0
github.com/filipeandrade6/fiap-pedeai-clientes/adapters/repository/postgresql/setup.go:44.16,46.3 1 0
github.com/filipeandrade6/fiap-pedeai-clientes/adapters/repository/postgresql/setup.go:48.2,50.31 2 0
github.com/filipeandrade6/fiap-pedeai-clientes/adapters/repository/postgresql/db/db.go:20.28,22.2 1 0
github.com/filipeandrade6/fiap-pedeai-clientes/adapters/repository/postgresql/db/db.go:28.46,32.2 1 0
github.com/filipeandrade6/fiap-pedeai-clientes/adapters/repository/postgresql/db/queries.sql.go:29.96,46.2 4 0
github.com/filipeandrade6/fiap-pedeai-clientes/adapters/repository/postgresql/db/queries.sql.go:52.76,55.2 2 0
github.com/filipeandrade6/fiap-pedeai-clientes/adapters/repository/postgresql/db/queries.sql.go:61.90,72.2 4 0
github.com/filipeandrade6/fiap-pedeai-clientes/adapters/repository/postgresql/db/queries.sql.go:78.94,89.2 4 0
github.com/filipeandrade6/fiap-pedeai-clientes/adapters/repository/postgresql/db/queries.sql.go:98.88,109.2 4 0
github.com/filipeandrade6/fiap-pedeai-clientes/adapters/repository/postgresql/db/queries.sql.go:115.71,117.16 2 0
github.com/filipeandrade6/fiap-pedeai-clientes/adapters/repository/postgresql/db/queries.sql.go:117.16,119.3 1 0
github.com/filipeandrade6/fiap-pedeai-clientes/adapters/repository/postgresql/db/queries.sql.go:120.2,122.18 3 0
github.com/filipeandrade6/fiap-pedeai-clientes/adapters/repository/postgresql/db/queries.sql.go:122.18,130.17 2 0
github.com/filipeandrade6/fiap-pedeai-clientes/adapters/repository/postgresql/db/queries.sql.go:130.17,132.4 1 0
github.com/filipeandrade6/fiap-pedeai-clientes/adapters/repository/postgresql/db/queries.sql.go:133.3,133.27 1 0
github.com/filipeandrade6/fiap-pedeai-clientes/adapters/repository/postgresql/db/queries.sql.go:135.2,135.35 1 0
github.com/filipeandrade6/fiap-pedeai-clientes/adapters/repository/postgresql/db/queries.sql.go:135.35,137.3 1 0
github.com/filipeandrade6/fiap-pedeai-clientes/adapters/repository/postgresql/db/queries.sql.go:138.2,138.19 1 0
github.com/filipeandrade6/fiap-pedeai-clientes/adapters/repository/postgresql/db/queries.sql.go:155.85,164.2 2 0
github.com/filipeandrade6/fiap-pedeai-clientes/controllers/api/api.go:19.16,25.2 3 0
github.com/filipeandrade6/fiap-pedeai-clientes/controllers/api/v1/routes.go:18.12,22.42 2 0
github.com/filipeandrade6/fiap-pedeai-clientes/controllers/api/v1/routes.go:22.42,28.3 5 0
github.com/filipeandrade6/fiap-pedeai-clientes/controllers/api/v1/routes.go:40.2,40.10 1 0
github.com/filipeandrade6/fiap-pedeai-clientes/controllers/api/v1/entities/cliente.go:13.57,15.16 2 0
github.com/filipeandrade6/fiap-pedeai-clientes/controllers/api/v1/entities/cliente.go:15.16,17.3 1 0
github.com/filipeandrade6/fiap-pedeai-clientes/controllers/api/v1/entities/cliente.go:19.2,19.21 1 0
github.com/filipeandrade6/fiap-pedeai-clientes/controllers/api/v1/entities/cliente.go:22.56,30.2 1 0
github.com/filipeandrade6/fiap-pedeai-clientes/controllers/api/v1/handlers/clientes.go:18.77,19.54 1 0
github.com/filipeandrade6/fiap-pedeai-clientes/controllers/api/v1/handlers/clientes.go:19.54,23.37 2 0
github.com/filipeandrade6/fiap-pedeai-clientes/controllers/api/v1/handlers/clientes.go:23.37,25.18 2 0
github.com/filipeandrade6/fiap-pedeai-clientes/controllers/api/v1/handlers/clientes.go:25.18,28.5 2 0
github.com/filipeandrade6/fiap-pedeai-clientes/controllers/api/v1/handlers/clientes.go:30.4,31.18 2 0
github.com/filipeandrade6/fiap-pedeai-clientes/controllers/api/v1/handlers/clientes.go:31.18,34.5 2 0
github.com/filipeandrade6/fiap-pedeai-clientes/controllers/api/v1/handlers/clientes.go:35.4,35.58 1 0
github.com/filipeandrade6/fiap-pedeai-clientes/controllers/api/v1/handlers/clientes.go:35.58,38.5 2 0
github.com/filipeandrade6/fiap-pedeai-clientes/controllers/api/v1/handlers/clientes.go:40.9,40.46 1 0
github.com/filipeandrade6/fiap-pedeai-clientes/controllers/api/v1/handlers/clientes.go:40.46,42.18 2 0
github.com/filipeandrade6/fiap-pedeai-clientes/controllers/api/v1/handlers/clientes.go:42.18,45.5 2 0
github.com/filipeandrade6/fiap-pedeai-clientes/controllers/api/v1/handlers/clientes.go:47.4,48.18 2 0
github.com/filipeandrade6/fiap-pedeai-clientes/controllers/api/v1/handlers/clientes.go:48.18,51.5 2 0
github.com/filipeandrade6/fiap-pedeai-clientes/controllers/api/v1/handlers/clientes.go:52.4,52.58 1 0
github.com/filipeandrade6/fiap-pedeai-clientes/controllers/api/v1/handlers/clientes.go:52.58,55.5 2 0
github.com/filipeandrade6/fiap-pedeai-clientes/controllers/api/v1/handlers/clientes.go:56.9,58.18 2 0
github.com/filipeandrade6/fiap-pedeai-clientes/controllers/api/v1/handlers/clientes.go:58.18,61.5 2 0
github.com/filipeandrade6/fiap-pedeai-clientes/controllers/api/v1/handlers/clientes.go:63.4,64.31 2 0
github.com/filipeandrade6/fiap-pedeai-clientes/controllers/api/v1/handlers/clientes.go:64.31,66.19 2 0
github.com/filipeandrade6/fiap-pedeai-clientes/controllers/api/v1/handlers/clientes.go:66.19,68.6 1 0
github.com/filipeandrade6/fiap-pedeai-clientes/controllers/api/v1/handlers/clientes.go:70.5,70.29 1 0
github.com/filipeandrade6/fiap-pedeai-clientes/controllers/api/v1/handlers/clientes.go:73.4,73.58 1 0
github.com/filipeandrade6/fiap-pedeai-clientes/controllers/api/v1/handlers/clientes.go:73.58,76.5 2 0
github.com/filipeandrade6/fiap-pedeai-clientes/controllers/api/v1/handlers/clientes.go:81.81,82.54 1 0
github.com/filipeandrade6/fiap-pedeai-clientes/controllers/api/v1/handlers/clientes.go:82.54,85.17 3 0
github.com/filipeandrade6/fiap-pedeai-clientes/controllers/api/v1/handlers/clientes.go:85.17,89.4 3 0
github.com/filipeandrade6/fiap-pedeai-clientes/controllers/api/v1/handlers/clientes.go:91.3,92.17 2 0
github.com/filipeandrade6/fiap-pedeai-clientes/controllers/api/v1/handlers/clientes.go:92.17,96.4 3 0
github.com/filipeandrade6/fiap-pedeai-clientes/controllers/api/v1/handlers/clientes.go:98.3,99.17 2 0
github.com/filipeandrade6/fiap-pedeai-clientes/controllers/api/v1/handlers/clientes.go:99.17,103.4 3 0
github.com/filipeandrade6/fiap-pedeai-clientes/controllers/api/v1/handlers/clientes.go:105.3,105.57 1 0
github.com/filipeandrade6/fiap-pedeai-clientes/controllers/api/v1/handlers/clientes.go:105.57,109.4 3 0
github.com/filipeandrade6/fiap-pedeai-clientes/controllers/api/v1/handlers/clientes.go:113.78,114.54 1 0
github.com/filipeandrade6/fiap-pedeai-clientes/controllers/api/v1/handlers/clientes.go:114.54,117.17 3 0
github.com/filipeandrade6/fiap-pedeai-clientes/controllers/api/v1/handlers/clientes.go:117.17,120.4 2 0
github.com/filipeandrade6/fiap-pedeai-clientes/controllers/api/v1/handlers/clientes.go:122.3,123.17 2 0
github.com/filipeandrade6/fiap-pedeai-clientes/controllers/api/v1/handlers/clientes.go:123.17,126.4 2 0
github.com/filipeandrade6/fiap-pedeai-clientes/controllers/api/v1/handlers/clientes.go:128.3,129.17 2 0
github.com/filipeandrade6/fiap-pedeai-clientes/controllers/api/v1/handlers/clientes.go:129.17,132.4 2 0
github.com/filipeandrade6/fiap-pedeai-clientes/controllers/api/v1/handlers/clientes.go:134.3,134.33 1 0
github.com/filipeandrade6/fiap-pedeai-clientes/controllers/api/v1/handlers/clientes.go:138.78,139.54 1 0
github.com/filipeandrade6/fiap-pedeai-clientes/controllers/api/v1/handlers/clientes.go:139.54,142.17 3 0
github.com/filipeandrade6/fiap-pedeai-clientes/controllers/api/v1/handlers/clientes.go:142.17,146.4 3 0
github.com/filipeandrade6/fiap-pedeai-clientes/controllers/api/v1/handlers/clientes.go:148.3,150.17 3 0
github.com/filipeandrade6/fiap-pedeai-clientes/controllers/api/v1/handlers/clientes.go:150.17,153.4 2 0
github.com/filipeandrade6/fiap-pedeai-clientes/controllers/api/v1/handlers/clientes.go:154.3,157.17 3 0
github.com/filipeandrade6/fiap-pedeai-clientes/controllers/api/v1/handlers/clientes.go:157.17,160.4 2 0
github.com/filipeandrade6/fiap-pedeai-clientes/controllers/api/v1/handlers/clientes.go:162.3,162.51 1 0
github.com/filipeandrade6/fiap-pedeai-clientes/controllers/api/v1/handlers/clientes.go:162.51,165.4 2 0
github.com/filipeandrade6/fiap-pedeai-clientes/controllers/api/v1/handlers/clientes.go:167.3,167.38 1 0
github.com/filipeandrade6/fiap-pedeai-clientes/controllers/api/v1/handlers/clientes.go:171.78,172.54 1 0
github.com/filipeandrade6/fiap-pedeai-clientes/controllers/api/v1/handlers/clientes.go:172.54,175.17 3 0
github.com/filipeandrade6/fiap-pedeai-clientes/controllers/api/v1/handlers/clientes.go:175.17,179.4 3 0
github.com/filipeandrade6/fiap-pedeai-clientes/controllers/api/v1/handlers/clientes.go:181.3,181.48 1 0
github.com/filipeandrade6/fiap-pedeai-clientes/controllers/api/v1/handlers/clientes.go:181.48,185.4 3 0
github.com/filipeandrade6/fiap-pedeai-clientes/controllers/api/v1/handlers/clientes.go:187.3,187.38 1 0
github.com/filipeandrade6/fiap-pedeai-clientes/domain/entities/cliente.go:23.73,32.37 2 1
github.com/filipeandrade6/fiap-pedeai-clientes/domain/entities/cliente.go:32.37,34.3 1 1
github.com/filipeandrade6/fiap-pedeai-clientes/domain/entities/cliente.go:36.2,36.16 1 1
github.com/filipeandrade6/fiap-pedeai-clientes/domain/entities/cliente.go:39.27,41.2 1 1
github.com/filipeandrade6/fiap-pedeai-clientes/domain/entities/cliente.go:43.33,45.2 1 1
github.com/filipeandrade6/fiap-pedeai-clientes/domain/entities/cliente.go:47.32,49.2 1 1
github.com/filipeandrade6/fiap-pedeai-clientes/domain/entities/cliente.go:51.34,53.2 1 1
github.com/filipeandrade6/fiap-pedeai-clientes/domain/entities/cliente.go:55.33,57.2 1 1
github.com/filipeandrade6/fiap-pedeai-clientes/domain/entities/cliente.go:59.36,60.22 1 1
github.com/filipeandrade6/fiap-pedeai-clientes/domain/entities/cliente.go:60.22,62.3 1 1
github.com/filipeandrade6/fiap-pedeai-clientes/domain/entities/cliente.go:64.2,64.22 1 1
github.com/filipeandrade6/fiap-pedeai-clientes/domain/entities/cliente.go:64.22,66.3 1 1
github.com/filipeandrade6/fiap-pedeai-clientes/domain/entities/cliente.go:68.2,68.38 1 1
github.com/filipeandrade6/fiap-pedeai-clientes/domain/entities/cliente.go:68.38,70.3 1 1
github.com/filipeandrade6/fiap-pedeai-clientes/domain/entities/cliente.go:72.2,72.54 1 1
github.com/filipeandrade6/fiap-pedeai-clientes/domain/entities/cliente.go:72.54,74.3 1 1
github.com/filipeandrade6/fiap-pedeai-clientes/domain/entities/cliente.go:76.2,76.12 1 1
github.com/filipeandrade6/fiap-pedeai-clientes/domain/entities/entity.go:7.17,9.2 1 1
github.com/filipeandrade6/fiap-pedeai-clientes/domain/entities/entity.go:11.39,14.2 2 1
github.com/filipeandrade6/fiap-pedeai-clientes/domain/services/cliente.go:17.48,19.2 1 0
github.com/filipeandrade6/fiap-pedeai-clientes/domain/services/cliente.go:23.73,24.43 1 0
github.com/filipeandrade6/fiap-pedeai-clientes/domain/services/cliente.go:24.43,26.3 1 0
github.com/filipeandrade6/fiap-pedeai-clientes/domain/services/cliente.go:28.2,29.16 2 0
github.com/filipeandrade6/fiap-pedeai-clientes/domain/services/cliente.go:29.16,30.45 1 0
github.com/filipeandrade6/fiap-pedeai-clientes/domain/services/cliente.go:30.45,32.4 1 0
github.com/filipeandrade6/fiap-pedeai-clientes/domain/services/cliente.go:34.2,34.14 1 0
github.com/filipeandrade6/fiap-pedeai-clientes/domain/services/cliente.go:34.14,36.3 1 0
github.com/filipeandrade6/fiap-pedeai-clientes/domain/services/cliente.go:38.2,39.16 2 0
github.com/filipeandrade6/fiap-pedeai-clientes/domain/services/cliente.go:39.16,40.45 1 0
github.com/filipeandrade6/fiap-pedeai-clientes/domain/services/cliente.go:40.45,42.4 1 0
github.com/filipeandrade6/fiap-pedeai-clientes/domain/services/cliente.go:44.2,44.14 1 0
github.com/filipeandrade6/fiap-pedeai-clientes/domain/services/cliente.go:44.14,46.3 1 0
github.com/filipeandrade6/fiap-pedeai-clientes/domain/services/cliente.go:48.2,51.16 3 0
github.com/filipeandrade6/fiap-pedeai-clientes/domain/services/cliente.go:51.16,53.3 1 0
github.com/filipeandrade6/fiap-pedeai-clientes/domain/services/cliente.go:55.2,57.16 2 0
github.com/filipeandrade6/fiap-pedeai-clientes/domain/services/cliente.go:60.55,62.16 2 0
github.com/filipeandrade6/fiap-pedeai-clientes/domain/services/cliente.go:62.16,64.3 1 0
github.com/filipeandrade6/fiap-pedeai-clientes/domain/services/cliente.go:66.2,66.15 1 0
github.com/filipeandrade6/fiap-pedeai-clientes/domain/services/cliente.go:69.77,71.16 2 0
github.com/filipeandrade6/fiap-pedeai-clientes/domain/services/cliente.go:71.16,73.3 1 0
github.com/filipeandrade6/fiap-pedeai-clientes/domain/services/cliente.go:75.2,75.15 1 0
github.com/filipeandrade6/fiap-pedeai-clientes/domain/services/cliente.go:78.74,80.16 2 0
github.com/filipeandrade6/fiap-pedeai-clientes/domain/services/cliente.go:80.16,82.3 1 0
github.com/filipeandrade6/fiap-pedeai-clientes/domain/services/cliente.go:84.2,84.15 1 0
github.com/filipeandrade6/fiap-pedeai-clientes/domain/services/cliente.go:87.78,89.16 2 0
github.com/filipeandrade6/fiap-pedeai-clientes/domain/services/cliente.go:89.16,91.3 1 0
github.com/filipeandrade6/fiap-pedeai-clientes/domain/services/cliente.go:93.2,93.15 1 0
github.com/filipeandrade6/fiap-pedeai-clientes/domain/services/cliente.go:96.58,97.43 1 0
github.com/filipeandrade6/fiap-pedeai-clientes/domain/services/cliente.go:97.43,99.3 1 0
github.com/filipeandrade6/fiap-pedeai-clientes/domain/services/cliente.go:101.2,101.47 1 0
github.com/filipeandrade6/fiap-pedeai-clientes/domain/services/cliente.go:101.47,103.3 1 0
github.com/filipeandrade6/fiap-pedeai-clientes/domain/services/cliente.go:105.2,105.12 1 0
github.com/filipeandrade6/fiap-pedeai-clientes/domain/services/cliente.go:108.48,110.42 1 0
github.com/filipeandrade6/fiap-pedeai-clientes/domain/services/cliente.go:110.42,112.3 1 0
github.com/filipeandrade6/fiap-pedeai-clientes/domain/services/cliente.go:114.2,114.12 1 0
github.com/filipeandrade6/fiap-pedeai-clientes/helper.go:10.83,13.53 3 0
github.com/filipeandrade6/fiap-pedeai-clientes/helper.go:13.53,15.3 1 0
github.com/filipeandrade6/fiap-pedeai-clientes/helper.go:16.2,16.12 1 0
github.com/filipeandrade6/fiap-pedeai-clientes/helper.go:19.48,21.59 2 0
github.com/filipeandrade6/fiap-pedeai-clientes/helper.go:21.59,23.3 1 0
github.com/filipeandrade6/fiap-pedeai-clientes/helper.go:24.2,24.15 1 0
github.com/filipeandrade6/fiap-pedeai-clientes/helper.go:27.78,29.59 2 0
github.com/filipeandrade6/fiap-pedeai-clientes/helper.go:29.59,31.3 1 0
github.com/filipeandrade6/fiap-pedeai-clientes/helper.go:32.2,32.57 1 0
github.com/filipeandrade6/fiap-pedeai-clientes/helper.go:32.57,34.3 1 0
github.com/filipeandrade6/fiap-pedeai-clientes/helper.go:35.2,35.20 1 0
github.com/filipeandrade6/fiap-pedeai-clientes/main.go:19.13,21.85 2 0
github.com/filipeandrade6/fiap-pedeai-clientes/main.go:21.85,24.3 2 0
github.com/filipeandrade6/fiap-pedeai-clientes/main.go:33.9,51.16 5 0
github.com/filipeandrade6/fiap-pedeai-clientes/main.go:51.16,53.3 1 0
github.com/filipeandrade6/fiap-pedeai-clientes/main.go:58.2,71.12 4 0
github.com/filipeandrade6/fiap-pedeai-clientes/main.go:71.12,73.84 2 0
github.com/filipeandrade6/fiap-pedeai-clientes/main.go:73.84,75.4 1 0
github.com/filipeandrade6/fiap-pedeai-clientes/main.go:78.2,80.12 3 0
github.com/filipeandrade6/fiap-pedeai-clientes/main.go:80.12,86.58 6 0
github.com/filipeandrade6/fiap-pedeai-clientes/main.go:86.58,88.4 1 0
github.com/filipeandrade6/fiap-pedeai-clientes/main.go:90.2,92.12 2 0
github.com/filipeandrade6/fiap-pedeai-clientes/adapters/repository/postgresql/cliente.go:17.61,28.16 2 0
github.com/filipeandrade6/fiap-pedeai-clientes/adapters/repository/postgresql/cliente.go:28.16,31.3 1 0
github.com/filipeandrade6/fiap-pedeai-clientes/adapters/repository/postgresql/cliente.go:33.2,33.12 1 0
github.com/filipeandrade6/fiap-pedeai-clientes/adapters/repository/postgresql/cliente.go:36.58,38.35 2 0
github.com/filipeandrade6/fiap-pedeai-clientes/adapters/repository/postgresql/cliente.go:38.35,40.3 1 0
github.com/filipeandrade6/fiap-pedeai-clientes/adapters/repository/postgresql/cliente.go:41.2,41.16 1 0
github.com/filipeandrade6/fiap-pedeai-clientes/adapters/repository/postgresql/cliente.go:41.16,43.3 1 0
github.com/filipeandrade6/fiap-pedeai-clientes/adapters/repository/postgresql/cliente.go:45.2,46.35 2 0
github.com/filipeandrade6/fiap-pedeai-clientes/adapters/repository/postgresql/cliente.go:46.35,54.17 2 0
github.com/filipeandrade6/fiap-pedeai-clientes/adapters/repository/postgresql/cliente.go:54.17,56.4 1 0
github.com/filipeandrade6/fiap-pedeai-clientes/adapters/repository/postgresql/cliente.go:58.3,58.39 1 0
github.com/filipeandrade6/fiap-pedeai-clientes/adapters/repository/postgresql/cliente.go:61.2,61.25 1 0
github.com/filipeandrade6/fiap-pedeai-clientes/adapters/repository/postgresql/cliente.go:65.80,67.35 2 0
github.com/filipeandrade6/fiap-pedeai-clientes/adapters/repository/postgresql/cliente.go:67.35,69.3 1 0
github.com/filipeandrade6/fiap-pedeai-clientes/adapters/repository/postgresql/cliente.go:70.2,70.16 1 0
github.com/filipeandrade6/fiap-pedeai-clientes/adapters/repository/postgresql/cliente.go:70.16,72.3 1 0
github.com/filipeandrade6/fiap-pedeai-clientes/adapters/repository/postgresql/cliente.go:74.2,81.16 2 0
github.com/filipeandrade6/fiap-pedeai-clientes/adapters/repository/postgresql/cliente.go:81.16,83.3 1 0
github.com/filipeandrade6/fiap-pedeai-clientes/adapters/repository/postgresql/cliente.go:85.2,85.18 1 0
github.com/filipeandrade6/fiap-pedeai-clientes/adapters/repository/postgresql/cliente.go:88.77,90.35 2 0
github.com/filipeandrade6/fiap-pedeai-clientes/adapters/repository/postgresql/cliente.go:90.35,92.3 1 0
github.com/filipeandrade6/fiap-pedeai-clientes/adapters/repository/postgresql/cliente.go:93.2,93.16 1 0
github.com/filipeandrade6/fiap-pedeai-clientes/adapters/repository/postgresql/cliente.go:93.16,95.3 1 0
github.com/filipeandrade6/fiap-pedeai-clientes/adapters/repository/postgresql/cliente.go:97.2,104.16 2 0
github.com/filipeandrade6/fiap-pedeai-clientes/adapters/repository/postgresql/cliente.go:104.16,106.3 1 0
github.com/filipeandrade6/fiap-pedeai-clientes/adapters/repository/postgresql/cliente.go:108.2,108.18 1 0
github.com/filipeandrade6/fiap-pedeai-clientes/adapters/repository/postgresql/cliente.go:111.81,113.35 2 0
github.com/filipeandrade6/fiap-pedeai-clientes/adapters/repository/postgresql/cliente.go:113.35,115.3 1 0
github.com/filipeandrade6/fiap-pedeai-clientes/adapters/repository/postgresql/cliente.go:116.2,116.16 1 0
github.com/filipeandrade6/fiap-pedeai-clientes/adapters/repository/postgresql/cliente.go:116.16,118.3 1 0
github.com/filipeandrade6/fiap-pedeai-clientes/adapters/repository/postgresql/cliente.go:120.2,127.16 2 0
github.com/filipeandrade6/fiap-pedeai-clientes/adapters/repository/postgresql/cliente.go:127.16,129.3 1 0
github.com/filipeandrade6/fiap-pedeai-clientes/adapters/repository/postgresql/cliente.go:131.2,131.18 1 0
github.com/filipeandrade6/fiap-pedeai-clientes/adapters/repository/postgresql/cliente.go:134.61,142.16 2 0
github.com/filipeandrade6/fiap-pedeai-clientes/adapters/repository/postgresql/cliente.go:142.16,144.3 1 0
github.com/filipeandrade6/fiap-pedeai-clientes/adapters/repository/postgresql/cliente.go:146.2,146.12 1 0
github.com/filipeandrade6/fiap-pedeai-clientes/adapters/repository/postgresql/cliente.go:149.51,151.16 2 0
github.com/filipeandrade6/fiap-pedeai-clientes/adapters/repository/postgresql/cliente.go:151.16,153.3 1 0
github.com/filipeandrade6/fiap-pedeai-clientes/adapters/repository/postgresql/cliente.go:155.2,155.12 1 0
github.com/filipeandrade6/fiap-pedeai-clientes/adapters/repository/postgresql/setup.go:25.64,27.20 2 0
github.com/filipeandrade6/fiap-pedeai-clientes/adapters/repository/postgresql/setup.go:27.20,29.3 1 0
github.com/filipeandrade6/fiap-pedeai-clientes/adapters/repository/postgresql/setup.go:31.2,44.16 6 0
github.com/filipeandrade6/fiap-pedeai-clientes/adapters/repository/postgresql/setup.go:44.16,46.3 1 0
github.com/filipeandrade6/fiap-pedeai-clientes/adapters/repository/postgresql/setup.go:48.2,50.31 2 0
github.com/filipeandrade6/fiap-pedeai-clientes/adapters/repository/postgresql/db/db.go:20.28,22.2 1 0
github.com/filipeandrade6/fiap-pedeai-clientes/adapters/repository/postgresql/db/db.go:28.46,32.2 1 0
github.com/filipeandrade6/fiap-pedeai-clientes/adapters/repository/postgresql/db/queries.sql.go:29.96,46.2 4 0
github.com/filipeandrade6/fiap-pedeai-clientes/adapters/repository/postgresql/db/queries.sql.go:52.76,55.2 2 0
github.com/filipeandrade6/fiap-pedeai-clientes/adapters/repository/postgresql/db/queries.sql.go:61.90,72.2 4 0
github.com/filipeandrade6/fiap-pedeai-clientes/adapters/repository/postgresql/db/queries.sql.go:78.94,89.2 4 0
github.com/filipeandrade6/fiap-pedeai-clientes/adapters/repository/postgresql/db/queries.sql.go:98.88,109.2 4 0
github.com/filipeandrade6/fiap-pedeai-clientes/adapters/repository/postgresql/db/queries.sql.go:115.71,117.16 2 0
github.com/filipeandrade6/fiap-pedeai-clientes/adapters/repository/postgresql/db/queries.sql.go:117.16,119.3 1 0
github.com/filipeandrade6/fiap-pedeai-clientes/adapters/repository/postgresql/db/queries.sql.go:120.2,122.18 3 0
github.com/filipeandrade6/fiap-pedeai-clientes/adapters/repository/postgresql/db/queries.sql.go:122.18,130.17 2 0
github.com/filipeandrade6/fiap-pedeai-clientes/adapters/repository/postgresql/db/queries.sql.go:130.17,132.4 1 0
github.com/filipeandrade6/fiap-pedeai-clientes/adapters/repository/postgresql/db/queries.sql.go:133.3,133.27 1 0
github.com/filipeandrade6/fiap-pedeai-clientes/adapters/repository/postgresql/db/queries.sql.go:135.2,135.35 1 0
github.com/filipeandrade6/fiap-pedeai-clientes/adapters/repository/postgresql/db/queries.sql.go:135.35,137.3 1 0
github.com/filipeandrade6/fiap-pedeai-clientes/adapters/repository/postgresql/db/queries.sql.go:138.2,138.19 1 0
github.com/filipeandrade6/fiap-pedeai-clientes/adapters/repository/postgresql/db/queries.sql.go:155.85,164.2 2 0
github.com/filipeandrade6/fiap-pedeai-clientes/controllers/api/api.go:19.16,25.2 3 0
github.com/filipeandrade6/fiap-pedeai-clientes/controllers/api/v1/routes.go:18.12,22.42 2 0
github.com/filipeandrade6/fiap-pedeai-clientes/controllers/api/v1/routes.go:22.42,28.3 5 0
github.com/filipeandrade6/fiap-pedeai-clientes/controllers/api/v1/routes.go:40.2,40.10 1 0
github.com/filipeandrade6/fiap-pedeai-clientes/controllers/api/v1/entities/cliente.go:13.57,15.16 2 0
github.com/filipeandrade6/fiap-pedeai-clientes/controllers/api/v1/entities/cliente.go:15.16,17.3 1 0
github.com/filipeandrade6/fiap-pedeai-clientes/controllers/api/v1/entities/cliente.go:19.2,19.21 1 0
github.com/filipeandrade6/fiap-pedeai-clientes/controllers/api/v1/entities/cliente.go:22.56,30.2 1 0
github.com/filipeandrade6/fiap-pedeai-clientes/controllers/api/v1/handlers/clientes.go:18.77,19.54 1 0
github.com/filipeandrade6/fiap-pedeai-clientes/controllers/api/v1/handlers/clientes.go:19.54,23.37 2 0
github.com/filipeandrade6/fiap-pedeai-clientes/controllers/api/v1/handlers/clientes.go:23.37,25.18 2 0
github.com/filipeandrade6/fiap-pedeai-clientes/controllers/api/v1/handlers/clientes.go:25.18,28.5 2 0
github.com/filipeandrade6/fiap-pedeai-clientes/controllers/api/v1/handlers/clientes.go:30.4,31.18 2 0
github.com/filipeandrade6/fiap-pedeai-clientes/controllers/api/v1/handlers/clientes.go:31.18,34.5 2 0
github.com/filipeandrade6/fiap-pedeai-clientes/controllers/api/v1/handlers/clientes.go:35.4,35.58 1 0
github.com/filipeandrade6/fiap-pedeai-clientes/controllers/api/v1/handlers/clientes.go:35.58,38.5 2 0
github.com/filipeandrade6/fiap-pedeai-clientes/controllers/api/v1/handlers/clientes.go:40.9,40.46 1 0
github.com/filipeandrade6/fiap-pedeai-clientes/controllers/api/v1/handlers/clientes.go:40.46,42.18 2 0
github.com/filipeandrade6/fiap-pedeai-clientes/controllers/api/v1/handlers/clientes.go:42.18,45.5 2 0
github.com/filipeandrade6/fiap-pedeai-clientes/controllers/api/v1/handlers/clientes.go:47.4,48.18 2 0
github.com/filipeandrade6/fiap-pedeai-clientes/controllers/api/v1/handlers/clientes.go:48.18,51.5 2 0
github.com/filipeandrade6/fiap-pedeai-clientes/controllers/api/v1/handlers/clientes.go:52.4,52.58 1 0
github.com/filipeandrade6/fiap-pedeai-clientes/controllers/api/v1/handlers/clientes.go:52.58,55.5 2 0
github.com/filipeandrade6/fiap-pedeai-clientes/controllers/api/v1/handlers/clientes.go:56.9,58.18 2 0
github.com/filipeandrade6/fiap-pedeai-clientes/controllers/api/v1/handlers/clientes.go:58.18,61.5 2 0
github.com/filipeandrade6/fiap-pedeai-clientes/controllers/api/v1/handlers/clientes.go:63.4,64.31 2 0
github.com/filipeandrade6/fiap-pedeai-clientes/controllers/api/v1/handlers/clientes.go:64.31,66.19 2 0
github.com/filipeandrade6/fiap-pedeai-clientes/controllers/api/v1/handlers/clientes.go:66.19,68.6 1 0
github.com/filipeandrade6/fiap-pedeai-clientes/controllers/api/v1/handlers/clientes.go:70.5,70.29 1 0
github.com/filipeandrade6/fiap-pedeai-clientes/controllers/api/v1/handlers/clientes.go:73.4,73.58 1 0
github.com/filipeandrade6/fiap-pedeai-clientes/controllers/api/v1/handlers/clientes.go:73.58,76.5 2 0
github.com/filipeandrade6/fiap-pedeai-clientes/controllers/api/v1/handlers/clientes.go:81.81,82.54 1 0
github.com/filipeandrade6/fiap-pedeai-clientes/controllers/api/v1/handlers/clientes.go:82.54,85.17 3 0
github.com/filipeandrade6/fiap-pedeai-clientes/controllers/api/v1/handlers/clientes.go:85.17,89.4 3 0
github.com/filipeandrade6/fiap-pedeai-clientes/controllers/api/v1/handlers/clientes.go:91.3,92.17 2 0
github.com/filipeandrade6/fiap-pedeai-clientes/controllers/api/v1/handlers/clientes.go:92.17,96.4 3 0
github.com/filipeandrade6/fiap-pedeai-clientes/controllers/api/v1/handlers/clientes.go:98.3,99.17 2 0
github.com/filipeandrade6/fiap-pedeai-clientes/controllers/api/v1/handlers/clientes.go:99.17,103.4 3 0
github.com/filipeandrade6/fiap-pedeai-clientes/controllers/api/v1/handlers/clientes.go:105.3,105.57 1 0
github.com/filipeandrade6/fiap-pedeai-clientes/controllers/api/v1/handlers/clientes.go:105.57,109.4 3 0
github.com/filipeandrade6/fiap-pedeai-clientes/controllers/api/v1/handlers/clientes.go:113.78,114.54 1 0
github.com/filipeandrade6/fiap-pedeai-clientes/controllers/api/v1/handlers/clientes.go:114.54,117.17 3 0
github.com/filipeandrade6/fiap-pedeai-clientes/controllers/api/v1/handlers/clientes.go:117.17,120.4 2 0
github.com/filipeandrade6/fiap-pedeai-clientes/controllers/api/v1/handlers/clientes.go:122.3,123.17 2 0
github.com/filipeandrade6/fiap-pedeai-clientes/controllers/api/v1/handlers/clientes.go:123.17,126.4 2 0
github.com/filipeandrade6/fiap-pedeai-clientes/controllers/api/v1/handlers/clientes.go:128.3,129.17 2 0
github.com/filipeandrade6/fiap-pedeai-clientes/controllers/api/v1/handlers/clientes.go:129.17,132.4 2 0
github.com/filipeandrade6/fiap-pedeai-clientes/controllers/api/v1/handlers/clientes.go:134.3,134.33 1 0
github.com/filipeandrade6/fiap-pedeai-clientes/controllers/api/v1/handlers/clientes.go:138.78,139.54 1 0
github.com/filipeandrade6/fiap-pedeai-clientes/controllers/api/v1/handlers/clientes.go:139.54,142.17 3 0
github.com/filipeandrade6/fiap-pedeai-clientes/controllers/api/v1/handlers/clientes.go:142.17,146.4 3 0
github.com/filipeandrade6/fiap-pedeai-clientes/controllers/api/v1/handlers/clientes.go:148.3,150.17 3 0
github.com/filipeandrade6/fiap-pedeai-clientes/controllers/api/v1/handlers/clientes.go:150.17,153.4 2 0
github.com/filipeandrade6/fiap-pedeai-clientes/controllers/api/v1/handlers/clientes.go:154.3,157.17 3 0
github.com/filipeandrade6/fiap-pedeai-clientes/controllers/api/v1/handlers/clientes.go:157.17,160.4 2 0
github.com/filipeandrade6/fiap-pedeai-clientes/controllers/api/v1/handlers/clientes.go:162.3,162.51 1 0
github.com/filipeandrade6/fiap-pedeai-clientes/controllers/api/v1/handlers/clientes.go:162.51,165.4 2 0
github.com/filipeandrade6/fiap-pedeai-clientes/controllers/api/v1/handlers/clientes.go:167.3,167.38 1 0
github.com/filipeandrade6/fiap-pedeai-clientes/controllers/api/v1/handlers/clientes.go:171.78,172.54 1 0
github.com/filipeandrade6/fiap-pedeai-clientes/controllers/api/v1/handlers/clientes.go:172.54,175.17 3 0
github.com/filipeandrade6/fiap-pedeai-clientes/controllers/api/v1/handlers/clientes.go:175.17,179.4 3 0
github.com/filipeandrade6/fiap-pedeai-clientes/controllers/api/v1/handlers/clientes.go:181.3,181.48 1 0
github.com/filipeandrade6/fiap-pedeai-clientes/controllers/api/v1/handlers/clientes.go:181.48,185.4 3 0
github.com/filipeandrade6/fiap-pedeai-clientes/controllers/api/v1/handlers/clientes.go:187.3,187.38 1 0
github.com/filipeandrade6/fiap-pedeai-clientes/domain/entities/cliente.go:23.73,32.37 2 1
github.com/filipeandrade6/fiap-pedeai-clientes/domain/entities/cliente.go:32.37,34.3 1 0
github.com/filipeandrade6/fiap-pedeai-clientes/domain/entities/cliente.go:36.2,36.16 1 1
github.com/filipeandrade6/fiap-pedeai-clientes/domain/entities/cliente.go:39.27,41.2 1 1
github.com/filipeandrade6/fiap-pedeai-clientes/domain/entities/cliente.go:43.33,45.2 1 1
github.com/filipeandrade6/fiap-pedeai-clientes/domain/entities/cliente.go:47.32,49.2 1 1
github.com/filipeandrade6/fiap-pedeai-clientes/domain/entities/cliente.go:51.34,53.2 1 1
github.com/filipeandrade6/fiap-pedeai-clientes/domain/entities/cliente.go:55.33,57.2 1 1
github.com/filipeandrade6/fiap-pedeai-clientes/domain/entities/cliente.go:59.36,60.22 1 1
github.com/filipeandrade6/fiap-pedeai-clientes/domain/entities/cliente.go:60.22,62.3 1 0
github.com/filipeandrade6/fiap-pedeai-clientes/domain/entities/cliente.go:64.2,64.22 1 1
github.com/filipeandrade6/fiap-pedeai-clientes/domain/entities/cliente.go:64.22,66.3 1 0
github.com/filipeandrade6/fiap-pedeai-clientes/domain/entities/cliente.go:68.2,68.38 1 1
github.com/filipeandrade6/fiap-pedeai-clientes/domain/entities/cliente.go:68.38,70.3 1 0
github.com/filipeandrade6/fiap-pedeai-clientes/domain/entities/cliente.go:72.2,72.54 1 1
github.com/filipeandrade6/fiap-pedeai-clientes/domain/entities/cliente.go:72.54,74.3 1 0
github.com/filipeandrade6/fiap-pedeai-clientes/domain/entities/cliente.go:76.2,76.12 1 1
github.com/filipeandrade6/fiap-pedeai-clientes/domain/entities/entity.go:7.17,9.2 1 1
github.com/filipeandrade6/fiap-pedeai-clientes/domain/entities/entity.go:11.39,14.2 2 1
github.com/filipeandrade6/fiap-pedeai-clientes/domain/services/cliente.go:17.48,19.2 1 1
github.com/filipeandrade6/fiap-pedeai-clientes/domain/services/cliente.go:23.73,24.43 1 1
github.com/filipeandrade6/fiap-pedeai-clientes/domain/services/cliente.go:24.43,26.3 1 0
github.com/filipeandrade6/fiap-pedeai-clientes/domain/services/cliente.go:28.2,29.16 2 1
github.com/filipeandrade6/fiap-pedeai-clientes/domain/services/cliente.go:29.16,30.45 1 1
github.com/filipeandrade6/fiap-pedeai-clientes/domain/services/cliente.go:30.45,32.4 1 0
github.com/filipeandrade6/fiap-pedeai-clientes/domain/services/cliente.go:34.2,34.14 1 1
github.com/filipeandrade6/fiap-pedeai-clientes/domain/services/cliente.go:34.14,36.3 1 1
github.com/filipeandrade6/fiap-pedeai-clientes/domain/services/cliente.go:38.2,39.16 2 1
github.com/filipeandrade6/fiap-pedeai-clientes/domain/services/cliente.go:39.16,40.45 1 1
github.com/filipeandrade6/fiap-pedeai-clientes/domain/services/cliente.go:40.45,42.4 1 0
github.com/filipeandrade6/fiap-pedeai-clientes/domain/services/cliente.go:44.2,44.14 1 1
github.com/filipeandrade6/fiap-pedeai-clientes/domain/services/cliente.go:44.14,46.3 1 1
github.com/filipeandrade6/fiap-pedeai-clientes/domain/services/cliente.go:48.2,51.16 3 1
github.com/filipeandrade6/fiap-pedeai-clientes/domain/services/cliente.go:51.16,53.3 1 0
github.com/filipeandrade6/fiap-pedeai-clientes/domain/services/cliente.go:55.2,57.16 2 1
github.com/filipeandrade6/fiap-pedeai-clientes/domain/services/cliente.go:60.55,62.16 2 1
github.com/filipeandrade6/fiap-pedeai-clientes/domain/services/cliente.go:62.16,64.3 1 0
github.com/filipeandrade6/fiap-pedeai-clientes/domain/services/cliente.go:66.2,66.15 1 1
github.com/filipeandrade6/fiap-pedeai-clientes/domain/services/cliente.go:69.77,71.16 2 1
github.com/filipeandrade6/fiap-pedeai-clientes/domain/services/cliente.go:71.16,73.3 1 1
github.com/filipeandrade6/fiap-pedeai-clientes/domain/services/cliente.go:75.2,75.15 1 1
github.com/filipeandrade6/fiap-pedeai-clientes/domain/services/cliente.go:78.74,80.16 2 1
github.com/filipeandrade6/fiap-pedeai-clientes/domain/services/cliente.go:80.16,82.3 1 1
github.com/filipeandrade6/fiap-pedeai-clientes/domain/services/cliente.go:84.2,84.15 1 1
github.com/filipeandrade6/fiap-pedeai-clientes/domain/services/cliente.go:87.78,89.16 2 1
github.com/filipeandrade6/fiap-pedeai-clientes/domain/services/cliente.go:89.16,91.3 1 1
github.com/filipeandrade6/fiap-pedeai-clientes/domain/services/cliente.go:93.2,93.15 1 1
github.com/filipeandrade6/fiap-pedeai-clientes/domain/services/cliente.go:96.58,97.43 1 1
github.com/filipeandrade6/fiap-pedeai-clientes/domain/services/cliente.go:97.43,99.3 1 0
github.com/filipeandrade6/fiap-pedeai-clientes/domain/services/cliente.go:101.2,101.47 1 1
github.com/filipeandrade6/fiap-pedeai-clientes/domain/services/cliente.go:101.47,103.3 1 1
github.com/filipeandrade6/fiap-pedeai-clientes/domain/services/cliente.go:105.2,105.12 1 1
github.com/filipeandrade6/fiap-pedeai-clientes/domain/services/cliente.go:108.48,110.42 1 1
github.com/filipeandrade6/fiap-pedeai-clientes/domain/services/cliente.go:110.42,112.3 1 1
github.com/filipeandrade6/fiap-pedeai-clientes/domain/services/cliente.go:114.2,114.12 1 1
github.com/filipeandrade6/fiap-pedeai-clientes/helper.go:10.83,13.53 3 0
github.com/filipeandrade6/fiap-pedeai-clientes/helper.go:13.53,15.3 1 0
github.com/filipeandrade6/fiap-pedeai-clientes/helper.go:16.2,16.12 1 0
github.com/filipeandrade6/fiap-pedeai-clientes/helper.go:19.48,21.59 2 0
github.com/filipeandrade6/fiap-pedeai-clientes/helper.go:21.59,23.3 1 0
github.com/filipeandrade6/fiap-pedeai-clientes/helper.go:24.2,24.15 1 0
github.com/filipeandrade6/fiap-pedeai-clientes/helper.go:27.78,29.59 2 0
github.com/filipeandrade6/fiap-pedeai-clientes/helper.go:29.59,31.3 1 0
github.com/filipeandrade6/fiap-pedeai-clientes/helper.go:32.2,32.57 1 0
github.com/filipeandrade6/fiap-pedeai-clientes/helper.go:32.57,34.3 1 0
github.com/filipeandrade6/fiap-pedeai-clientes/helper.go:35.2,35.20 1 0
github.com/filipeandrade6/fiap-pedeai-clientes/main.go:19.13,21.85 2 0
github.com/filipeandrade6/fiap-pedeai-clientes/main.go:21.85,24.3 2 0
github.com/filipeandrade6/fiap-pedeai-clientes/main.go:33.9,51.16 5 0
github.com/filipeandrade6/fiap-pedeai-clientes/main.go:51.16,53.3 1 0
github.com/filipeandrade6/fiap-pedeai-clientes/main.go:58.2,71.12 4 0
github.com/filipeandrade6/fiap-pedeai-clientes/main.go:71.12,73.84 2 0
github.com/filipeandrade6/fiap-pedeai-clientes/main.go:73.84,75.4 1 0
github.com/filipeandrade6/fiap-pedeai-clientes/main.go:78.2,80.12 3 0
github.com/filipeandrade6/fiap-pedeai-clientes/main.go:80.12,86.58 6 0
github.com/filipeandrade6/fiap-pedeai-clientes/main.go:86.58,88.4 1 0
github.com/filipeandrade6/fiap-pedeai-clientes/main.go:90.2,92.12 2 0
github.com/filipeandrade6/fiap-pedeai-clientes/adapters/repository/postgresql/cliente.go:17.61,28.16 2 0
github.com/filipeandrade6/fiap-pedeai-clientes/adapters/repository/postgresql/cliente.go:28.16,31.3 1 0
github.com/filipeandrade6/fiap-pedeai-clientes/adapters/repository/postgresql/cliente.go:33.2,33.12 1 0
github.com/filipeandrade6/fiap-pedeai-clientes/adapters/repository/postgresql/cliente.go:36.58,38.35 2 0
github.com/filipeandrade6/fiap-pedeai-clientes/adapters/repository/postgresql/cliente.go:38.35,40.3 1 0
github.com/filipeandrade6/fiap-pedeai-clientes/adapters/repository/postgresql/cliente.go:41.2,41.16 1 0
github.com/filipeandrade6/fiap-pedeai-clientes/adapters/repository/postgresql/cliente.go:41.16,43.3 1 0
github.com/filipeandrade6/fiap-pedeai-clientes/adapters/repository/postgresql/cliente.go:45.2,46.35 2 0
github.com/filipeandrade6/fiap-pedeai-clientes/adapters/repository/postgresql/cliente.go:46.35,54.17 2 0
github.com/filipeandrade6/fiap-pedeai-clientes/adapters/repository/postgresql/cliente.go:54.17,56.4 1 0
github.com/filipeandrade6/fiap-pedeai-clientes/adapters/repository/postgresql/cliente.go:58.3,58.39 1 0
github.com/filipeandrade6/fiap-pedeai-clientes/adapters/repository/postgresql/cliente.go:61.2,61.25 1 0
github.com/filipeandrade6/fiap-pedeai-clientes/adapters/repository/postgresql/cliente.go:65.80,67.35 2 0
github.com/filipeandrade6/fiap-pedeai-clientes/adapters/repository/postgresql/cliente.go:67.35,69.3 1 0
github.com/filipeandrade6/fiap-pedeai-clientes/adapters/repository/postgresql/cliente.go:70.2,70.16 1 0
github.com/filipeandrade6/fiap-pedeai-clientes/adapters/repository/postgresql/cliente.go:70.16,72.3 1 0
github.com/filipeandrade6/fiap-pedeai-clientes/adapters/repository/postgresql/cliente.go:74.2,81.16 2 0
github.com/filipeandrade6/fiap-pedeai-clientes/adapters/repository/postgresql/cliente.go:81.16,83.3 1 0
github.com/filipeandrade6/fiap-pedeai-clientes/adapters/repository/postgresql/cliente.go:85.2,85.18 1 0
github.com/filipeandrade6/fiap-pedeai-clientes/adapters/repository/postgresql/cliente.go:88.77,90.35 2 0
github.com/filipeandrade6/fiap-pedeai-clientes/adapters/repository/postgresql/cliente.go:90.35,92.3 1 0
github.com/filipeandrade6/fiap-pedeai-clientes/adapters/repository/postgresql/cliente.go:93.2,93.16 1 0
github.com/filipeandrade6/fiap-pedeai-clientes/adapters/repository/postgresql/cliente.go:93.16,95.3 1 0
github.com/filipeandrade6/fiap-pedeai-clientes/adapters/repository/postgresql/cliente.go:97.2,104.16 2 0
github.com/filipeandrade6/fiap-pedeai-clientes/adapters/repository/postgresql/cliente.go:104.16,106.3 1 0
github.com/filipeandrade6/fiap-pedeai-clientes/adapters/repository/postgresql/cliente.go:108.2,108.18 1 0
github.com/filipeandrade6/fiap-pedeai-clientes/adapters/repository/postgresql/cliente.go:111.81,113.35 2 0
github.com/filipeandrade6/fiap-pedeai-clientes/adapters/repository/postgresql/cliente.go:113.35,115.3 1 0
github.com/filipeandrade6/fiap-pedeai-clientes/adapters/repository/postgresql/cliente.go:116.2,116.16 1 0
github.com/filipeandrade6/fiap-pedeai-clientes/adapters/repository/postgresql/cliente.go:116.16,118.3 1 0
github.com/filipeandrade6/fiap-pedeai-clientes/adapters/repository/postgresql/cliente.go:120.2,127.16 2 0
github.com/filipeandrade6/fiap-pedeai-clientes/adapters/repository/postgresql/cliente.go:127.16,129.3 1 0
github.com/filipeandrade6/fiap-pedeai-clientes/adapters/repository/postgresql/cliente.go:131.2,131.18 1 0
github.com/filipeandrade6/fiap-pedeai-clientes/adapters/repository/postgresql/cliente.go:134.61,142.16 2 0
github.com/filipeandrade6/fiap-pedeai-clientes/adapters/repository/postgresql/cliente.go:142.16,144.3 1 0
github.com/filipeandrade6/fiap-pedeai-clientes/adapters/repository/postgresql/cliente.go:146.2,146.12 1 0
github.com/filipeandrade6/fiap-pedeai-clientes/adapters/repository/postgresql/cliente.go:149.51,151.16 2 0
github.com/filipeandrade6/fiap-pedeai-clientes/adapters/repository/postgresql/cliente.go:151.16,153.3 1 0
github.com/filipeandrade6/fiap-pedeai-clientes/adapters/repository/postgresql/cliente.go:155.2,155.12 1 0
github.com/filipeandrade6/fiap-pedeai-clientes/adapters/repository/postgresql/setup.go:25.64,27.20 2 0
github.com/filipeandrade6/fiap-pedeai-clientes/adapters/repository/postgresql/setup.go:27.20,29.3 1 0
github.com/filipeandrade6/fiap-pedeai-clientes/adapters/repository/postgresql/setup.go:31.2,44.16 6 0
github.com/filipeandrade6/fiap-pedeai-clientes/adapters/repository/postgresql/setup.go:44.16,46.3 1 0
github.com/filipeandrade6/fiap-pedeai-clientes/adapters/repository/postgresql/setup.go:48.2,50.31 2 0
github.com/filipeandrade6/fiap-pedeai-clientes/adapters/repository/postgresql/db/db.go:20.28,22.2 1 0
github.com/filipeandrade6/fiap-pedeai-clientes/adapters/repository/postgresql/db/db.go:28.46,32.2 1 0
github.com/filipeandrade6/fiap-pedeai-clientes/adapters/repository/postgresql/db/queries.sql.go:29.96,46.2 4 0
github.com/filipeandrade6/fiap-pedeai-clientes/adapters/repository/postgresql/db/queries.sql.go:52.76,55.2 2 0
github.com/filipeandrade6/fiap-pedeai-clientes/adapters/repository/postgresql/db/queries.sql.go:61.90,72.2 4 0
github.com/filipeandrade6/fiap-pedeai-clientes/adapters/repository/postgresql/db/queries.sql.go:78.94,89.2 4 0
github.com/filipeandrade6/fiap-pedeai-clientes/adapters/repository/postgresql/db/queries.sql.go:98.88,109.2 4 0
github.com/filipeandrade6/fiap-pedeai-clientes/adapters/repository/postgresql/db/queries.sql.go:115.71,117.16 2 0
github.com/filipeandrade6/fiap-pedeai-clientes/adapters/repository/postgresql/db/queries.sql.go:117.16,119.3 1 0
github.com/filipeandrade6/fiap-pedeai-clientes/adapters/repository/postgresql/db/queries.sql.go:120.2,122.18 3 0
github.com/filipeandrade6/fiap-pedeai-clientes/adapters/repository/postgresql/db/queries.sql.go:122.18,130.17 2 0
github.com/filipeandrade6/fiap-pedeai-clientes/adapters/repository/postgresql/db/queries.sql.go:130.17,132.4 1 0
github.com/filipeandrade6/fiap-pedeai-clientes/adapters/repository/postgresql/db/queries.sql.go:133.3,133.27 1 0
github.com/filipeandrade6/fiap-pedeai-clientes/adapters/repository/postgresql/db/queries.sql.go:135.2,135.35 1 0
github.com/filipeandrade6/fiap-pedeai-clientes/adapters/repository/postgresql/db/queries.sql.go:135.35,137.3 1 0
github.com/filipeandrade6/fiap-pedeai-clientes/adapters/repository/postgresql/db/queries.sql.go:138.2,138.19 1 0
github.com/filipeandrade6/fiap-pedeai-clientes/adapters/repository/postgresql/db/queries.sql.go:155.85,164.2 2 0
github.com/filipeandrade6/fiap-pedeai-clientes/controllers/api/api.go:19.16,25.2 3 0
github.com/filipeandrade6/fiap-pedeai-clientes/controllers/api/v1/routes.go:18.12,22.42 2 1
github.com/filipeandrade6/fiap-pedeai-clientes/controllers/api/v1/routes.go:22.42,28.3 5 1
github.com/filipeandrade6/fiap-pedeai-clientes/controllers/api/v1/routes.go:40.2,40.10 1 1
github.com/filipeandrade6/fiap-pedeai-clientes/controllers/api/v1/entities/cliente.go:13.57,15.16 2 0
github.com/filipeandrade6/fiap-pedeai-clientes/controllers/api/v1/entities/cliente.go:15.16,17.3 1 0
github.com/filipeandrade6/fiap-pedeai-clientes/controllers/api/v1/entities/cliente.go:19.2,19.21 1 0
github.com/filipeandrade6/fiap-pedeai-clientes/controllers/api/v1/entities/cliente.go:22.56,30.2 1 1
github.com/filipeandrade6/fiap-pedeai-clientes/controllers/api/v1/handlers/clientes.go:18.77,19.54 1 1
github.com/filipeandrade6/fiap-pedeai-clientes/controllers/api/v1/handlers/clientes.go:19.54,23.37 2 1
github.com/filipeandrade6/fiap-pedeai-clientes/controllers/api/v1/handlers/clientes.go:23.37,25.18 2 1
github.com/filipeandrade6/fiap-pedeai-clientes/controllers/api/v1/handlers/clientes.go:25.18,28.5 2 0
github.com/filipeandrade6/fiap-pedeai-clientes/controllers/api/v1/handlers/clientes.go:30.4,31.18 2 1
github.com/filipeandrade6/fiap-pedeai-clientes/controllers/api/v1/handlers/clientes.go:31.18,34.5 2 0
github.com/filipeandrade6/fiap-pedeai-clientes/controllers/api/v1/handlers/clientes.go:35.4,35.58 1 1
github.com/filipeandrade6/fiap-pedeai-clientes/controllers/api/v1/handlers/clientes.go:35.58,38.5 2 0
github.com/filipeandrade6/fiap-pedeai-clientes/controllers/api/v1/handlers/clientes.go:40.9,40.46 1 1
github.com/filipeandrade6/fiap-pedeai-clientes/controllers/api/v1/handlers/clientes.go:40.46,42.18 2 1
github.com/filipeandrade6/fiap-pedeai-clientes/controllers/api/v1/handlers/clientes.go:42.18,45.5 2 0
github.com/filipeandrade6/fiap-pedeai-clientes/controllers/api/v1/handlers/clientes.go:47.4,48.18 2 1
github.com/filipeandrade6/fiap-pedeai-clientes/controllers/api/v1/handlers/clientes.go:48.18,51.5 2 0
github.com/filipeandrade6/fiap-pedeai-clientes/controllers/api/v1/handlers/clientes.go:52.4,52.58 1 1
github.com/filipeandrade6/fiap-pedeai-clientes/controllers/api/v1/handlers/clientes.go:52.58,55.5 2 0
github.com/filipeandrade6/fiap-pedeai-clientes/controllers/api/v1/handlers/clientes.go:56.9,58.18 2 1
github.com/filipeandrade6/fiap-pedeai-clientes/controllers/api/v1/handlers/clientes.go:58.18,61.5 2 0
github.com/filipeandrade6/fiap-pedeai-clientes/controllers/api/v1/handlers/clientes.go:63.4,64.31 2 1
github.com/filipeandrade6/fiap-pedeai-clientes/controllers/api/v1/handlers/clientes.go:64.31,66.19 2 1
github.com/filipeandrade6/fiap-pedeai-clientes/controllers/api/v1/handlers/clientes.go:66.19,68.6 1 0
github.com/filipeandrade6/fiap-pedeai-clientes/controllers/api/v1/handlers/clientes.go:70.5,70.29 1 1
github.com/filipeandrade6/fiap-pedeai-clientes/controllers/api/v1/handlers/clientes.go:73.4,73.58 1 1
github.com/filipeandrade6/fiap-pedeai-clientes/controllers/api/v1/handlers/clientes.go:73.58,76.5 2 0
github.com/filipeandrade6/fiap-pedeai-clientes/controllers/api/v1/handlers/clientes.go:81.81,82.54 1 1
github.com/filipeandrade6/fiap-pedeai-clientes/controllers/api/v1/handlers/clientes.go:82.54,85.17 3 1
github.com/filipeandrade6/fiap-pedeai-clientes/controllers/api/v1/handlers/clientes.go:85.17,89.4 3 0
github.com/filipeandrade6/fiap-pedeai-clientes/controllers/api/v1/handlers/clientes.go:91.3,92.17 2 1
github.com/filipeandrade6/fiap-pedeai-clientes/controllers/api/v1/handlers/clientes.go:92.17,96.4 3 0
github.com/filipeandrade6/fiap-pedeai-clientes/controllers/api/v1/handlers/clientes.go:98.3,99.17 2 1
github.com/filipeandrade6/fiap-pedeai-clientes/controllers/api/v1/handlers/clientes.go:99.17,103.4 3 0
github.com/filipeandrade6/fiap-pedeai-clientes/controllers/api/v1/handlers/clientes.go:105.3,105.57 1 1
github.com/filipeandrade6/fiap-pedeai-clientes/controllers/api/v1/handlers/clientes.go:105.57,109.4 3 0
github.com/filipeandrade6/fiap-pedeai-clientes/controllers/api/v1/handlers/clientes.go:113.78,114.54 1 1
github.com/filipeandrade6/fiap-pedeai-clientes/controllers/api/v1/handlers/clientes.go:114.54,117.17 3 0
github.com/filipeandrade6/fiap-pedeai-clientes/controllers/api/v1/handlers/clientes.go:117.17,120.4 2 0
github.com/filipeandrade6/fiap-pedeai-clientes/controllers/api/v1/handlers/clientes.go:122.3,123.17 2 0
github.com/filipeandrade6/fiap-pedeai-clientes/controllers/api/v1/handlers/clientes.go:123.17,126.4 2 0
github.com/filipeandrade6/fiap-pedeai-clientes/controllers/api/v1/handlers/clientes.go:128.3,129.17 2 0
github.com/filipeandrade6/fiap-pedeai-clientes/controllers/api/v1/handlers/clientes.go:129.17,132.4 2 0
github.com/filipeandrade6/fiap-pedeai-clientes/controllers/api/v1/handlers/clientes.go:134.3,134.33 1 0
github.com/filipeandrade6/fiap-pedeai-clientes/controllers/api/v1/handlers/clientes.go:138.78,139.54 1 1
github.com/filipeandrade6/fiap-pedeai-clientes/controllers/api/v1/handlers/clientes.go:139.54,142.17 3 0
github.com/filipeandrade6/fiap-pedeai-clientes/controllers/api/v1/handlers/clientes.go:142.17,146.4 3 0
github.com/filipeandrade6/fiap-pedeai-clientes/controllers/api/v1/handlers/clientes.go:148.3,150.17 3 0
github.com/filipeandrade6/fiap-pedeai-clientes/controllers/api/v1/handlers/clientes.go:150.17,153.4 2 0
github.com/filipeandrade6/fiap-pedeai-clientes/controllers/api/v1/handlers/clientes.go:154.3,157.17 3 0
github.com/filipeandrade6/fiap-pedeai-clientes/controllers/api/v1/handlers/clientes.go:157.17,160.4 2 0
github.com/filipeandrade6/fiap-pedeai-clientes/controllers/api/v1/handlers/clientes.go:162.3,162.51 1 0
github.com/filipeandrade6/fiap-pedeai-clientes/controllers/api/v1/handlers/clientes.go:162.51,165.4 2 0
github.com/filipeandrade6/fiap-pedeai-clientes/controllers/api/v1/handlers/clientes.go:167.3,167.38 1 0
github.com/filipeandrade6/fiap-pedeai-clientes/controllers/api/v1/handlers/clientes.go:171.78,172.54 1 1
github.com/filipeandrade6/fiap-pedeai-clientes/controllers/api/v1/handlers/clientes.go:172.54,175.17 3 0
github.com/filipeandrade6/fiap-pedeai-clientes/controllers/api/v1/handlers/clientes.go:175.17,179.4 3 0
github.com/filipeandrade6/fiap-pedeai-clientes/controllers/api/v1/handlers/clientes.go:181.3,181.48 1 0
github.com/filipeandrade6/fiap-pedeai-clientes/controllers/api/v1/handlers/clientes.go:181.48,185.4 3 0
github.com/filipeandrade6/fiap-pedeai-clientes/controllers/api/v1/handlers/clientes.go:187.3,187.38 1 0
github.com/filipeandrade6/fiap-pedeai-clientes/domain/entities/cliente.go:23.73,32.37 2 1
github.com/filipeandrade6/fiap-pedeai-clientes/domain/entities/cliente.go:32.37,34.3 1 0
github.com/filipeandrade6/fiap-pedeai-clientes/domain/entities/cliente.go:36.2,36.16 1 1
github.com/filipeandrade6/fiap-pedeai-clientes/domain/entities/cliente.go:39.27,41.2 1 1
github.com/filipeandrade6/fiap-pedeai-clientes/domain/entities/cliente.go:43.33,45.2 1 1
github.com/filipeandrade6/fiap-pedeai-clientes/domain/entities/cliente.go:47.32,49.2 1 1
github.com/filipeandrade6/fiap-pedeai-clientes/domain/entities/cliente.go:51.34,53.2 1 1
github.com/filipeandrade6/fiap-pedeai-clientes/domain/entities/cliente.go:55.33,57.2 1 1
github.com/filipeandrade6/fiap-pedeai-clientes/domain/entities/cliente.go:59.36,60.22 1 1
github.com/filipeandrade6/fiap-pedeai-clientes/domain/entities/cliente.go:60.22,62.3 1 0
github.com/filipeandrade6/fiap-pedeai-clientes/domain/entities/cliente.go:64.2,64.22 1 1
github.com/filipeandrade6/fiap-pedeai-clientes/domain/entities/cliente.go:64.22,66.3 1 0
github.com/filipeandrade6/fiap-pedeai-clientes/domain/entities/cliente.go:68.2,68.38 1 1
github.com/filipeandrade6/fiap-pedeai-clientes/domain/entities/cliente.go:68.38,70.3 1 0
github.com/filipeandrade6/fiap-pedeai-clientes/domain/entities/cliente.go:72.2,72.54 1 1
github.com/filipeandrade6/fiap-pedeai-clientes/domain/entities/cliente.go:72.54,74.3 1 0
github.com/filipeandrade6/fiap-pedeai-clientes/domain/entities/cliente.go:76.2,76.12 1 1
github.com/filipeandrade6/fiap-pedeai-clientes/domain/entities/entity.go:7.17,9.2 1 1
github.com/filipeandrade6/fiap-pedeai-clientes/domain/entities/entity.go:11.39,14.2 2 1
github.com/filipeandrade6/fiap-pedeai-clientes/domain/services/cliente.go:17.48,19.2 1 0
github.com/filipeandrade6/fiap-pedeai-clientes/domain/services/cliente.go:23.73,24.43 1 0
github.com/filipeandrade6/fiap-pedeai-clientes/domain/services/cliente.go:24.43,26.3 1 0
github.com/filipeandrade6/fiap-pedeai-clientes/domain/services/cliente.go:28.2,29.16 2 0
github.com/filipeandrade6/fiap-pedeai-clientes/domain/services/cliente.go:29.16,30.45 1 0
github.com/filipeandrade6/fiap-pedeai-clientes/domain/services/cliente.go:30.45,32.4 1 0
github.com/filipeandrade6/fiap-pedeai-clientes/domain/services/cliente.go:34.2,34.14 1 0
github.com/filipeandrade6/fiap-pedeai-clientes/domain/services/cliente.go:34.14,36.3 1 0
github.com/filipeandrade6/fiap-pedeai-clientes/domain/services/cliente.go:38.2,39.16 2 0
github.com/filipeandrade6/fiap-pedeai-clientes/domain/services/cliente.go:39.16,40.45 1 0
github.com/filipeandrade6/fiap-pedeai-clientes/domain/services/cliente.go:40.45,42.4 1 0
github.com/filipeandrade6/fiap-pedeai-clientes/domain/services/cliente.go:44.2,44.14 1 0
github.com/filipeandrade6/fiap-pedeai-clientes/domain/services/cliente.go:44.14,46.3 1 0
github.com/filipeandrade6/fiap-pedeai-clientes/domain/services/cliente.go:48.2,51.16 3 0
github.com/filipeandrade6/fiap-pedeai-clientes/domain/services/cliente.go:51.16,53.3 1 0
github.com/filipeandrade6/fiap-pedeai-clientes/domain/services/cliente.go:55.2,57.16 2 0
github.com/filipeandrade6/fiap-pedeai-clientes/domain/services/cliente.go:60.55,62.16 2 0
github.com/filipeandrade6/fiap-pedeai-clientes/domain/services/cliente.go:62.16,64.3 1 0
github.com/filipeandrade6/fiap-pedeai-clientes/domain/services/cliente.go:66.2,66.15 1 0
github.com/filipeandrade6/fiap-pedeai-clientes/domain/services/cliente.go:69.77,71.16 2 0
github.com/filipeandrade6/fiap-pedeai-clientes/domain/services/cliente.go:71.16,73.3 1 0
github.com/filipeandrade6/fiap-pedeai-clientes/domain/services/cliente.go:75.2,75.15 1 0
github.com/filipeandrade6/fiap-pedeai-clientes/domain/services/cliente.go:78.74,80.16 2 0
github.com/filipeandrade6/fiap-pedeai-clientes/domain/services/cliente.go:80.16,82.3 1 0
github.com/filipeandrade6/fiap-pedeai-clientes/domain/services/cliente.go:84.2,84.15 1 0
github.com/filipeandrade6/fiap-pedeai-clientes/domain/services/cliente.go:87.78,89.16 2 0
github.com/filipeandrade6/fiap-pedeai-clientes/domain/services/cliente.go:89.16,91.3 1 0
github.com/filipeandrade6/fiap-pedeai-clientes/domain/services/cliente.go:93.2,93.15 1 0
github.com/filipeandrade6/fiap-pedeai-clientes/domain/services/cliente.go:96.58,97.43 1 0
github.com/filipeandrade6/fiap-pedeai-clientes/domain/services/cliente.go:97.43,99.3 1 0
github.com/filipeandrade6/fiap-pedeai-clientes/domain/services/cliente.go:101.2,101.47 1 0
github.com/filipeandrade6/fiap-pedeai-clientes/domain/services/cliente.go:101.47,103.3 1 0
github.com/filipeandrade6/fiap-pedeai-clientes/domain/services/cliente.go:105.2,105.12 1 0
github.com/filipeandrade6/fiap-pedeai-clientes/domain/services/cliente.go:108.48,110.42 1 0
github.com/filipeandrade6/fiap-pedeai-clientes/domain/services/cliente.go:110.42,112.3 1 0
github.com/filipeandrade6/fiap-pedeai-clientes/domain/services/cliente.go:114.2,114.12 1 0
github.com/filipeandrade6/fiap-pedeai-clientes/controllers/api/v1/handlers/clientes.go:18.77,19.54 1 0
github.com/filipeandrade6/fiap-pedeai-clientes/controllers/api/v1/handlers/clientes.go:19.54,23.37 2 0
github.com/filipeandrade6/fiap-pedeai-clientes/controllers/api/v1/handlers/clientes.go:23.37,25.18 2 0
github.com/filipeandrade6/fiap-pedeai-clientes/controllers/api/v1/handlers/clientes.go:25.18,28.5 2 0
github.com/filipeandrade6/fiap-pedeai-clientes/controllers/api/v1/handlers/clientes.go:30.4,31.18 2 0
github.com/filipeandrade6/fiap-pedeai-clientes/controllers/api/v1/handlers/clientes.go:31.18,34.5 2 0
github.com/filipeandrade6/fiap-pedeai-clientes/controllers/api/v1/handlers/clientes.go:35.4,35.58 1 0
github.com/filipeandrade6/fiap-pedeai-clientes/controllers/api/v1/handlers/clientes.go:35.58,38.5 2 0
github.com/filipeandrade6/fiap-pedeai-clientes/controllers/api/v1/handlers/clientes.go:40.9,40.46 1 0
github.com/filipeandrade6/fiap-pedeai-clientes/controllers/api/v1/handlers/clientes.go:40.46,42.18 2 0
github.com/filipeandrade6/fiap-pedeai-clientes/controllers/api/v1/handlers/clientes.go:42.18,45.5 2 0
github.com/filipeandrade6/fiap-pedeai-clientes/controllers/api/v1/handlers/clientes.go:47.4,48.18 2 0
github.com/filipeandrade6/fiap-pedeai-clientes/controllers/api/v1/handlers/clientes.go:48.18,51.5 2 0
github.com/filipeandrade6/fiap-pedeai-clientes/controllers/api/v1/handlers/clientes.go:52.4,52.58 1 0
github.com/filipeandrade6/fiap-pedeai-clientes/controllers/api/v1/handlers/clientes.go:52.58,55.5 2 0
github.com/filipeandrade6/fiap-pedeai-clientes/controllers/api/v1/handlers/clientes.go:56.9,58.18 2 0
github.com/filipeandrade6/fiap-pedeai-clientes/controllers/api/v1/handlers/clientes.go:58.18,61.5 2 0
github.com/filipeandrade6/fiap-pedeai-clientes/controllers/api/v1/handlers/clientes.go:63.4,64.31 2 0
github.com/filipeandrade6/fiap-pedeai-clientes/controllers/api/v1/handlers/clientes.go:64.31,66.19 2 0
github.com/filipeandrade6/fiap-pedeai-clientes/controllers/api/v1/handlers/clientes.go:66.19,68.6 1 0
github.com/filipeandrade6/fiap-pedeai-clientes/controllers/api/v1/handlers/clientes.go:70.5,70.29 1 0
github.com/filipeandrade6/fiap-pedeai-clientes/controllers/api/v1/handlers/clientes.go:73.4,73.58 1 0
github.com/filipeandrade6/fiap-pedeai-clientes/controllers/api/v1/handlers/clientes.go:73.58,76.5 2 0
github.com/filipeandrade6/fiap-pedeai-clientes/controllers/api/v1/handlers/clientes.go:81.81,82.54 1 0
github.com/filipeandrade6/fiap-pedeai-clientes/controllers/api/v1/handlers/clientes.go:82.54,85.17 3 0
github.com/filipeandrade6/fiap-pedeai-clientes/controllers/api/v1/handlers/clientes.go:85.17,89.4 3 0
github.com/filipeandrade6/fiap-pedeai-clientes/controllers/api/v1/handlers/clientes.go:91.3,92.17 2 0
github.com/filipeandrade6/fiap-pedeai-clientes/controllers/api/v1/handlers/clientes.go:92.17,96.4 3 0
github.com/filipeandrade6/fiap-pedeai-clientes/controllers/api/v1/handlers/clientes.go:98.3,99.17 2 0
github.com/filipeandrade6/fiap-pedeai-clientes/controllers/api/v1/handlers/clientes.go:99.17,103.4 3 0
github.com/filipeandrade6/fiap-pedeai-clientes/controllers/api/v1/handlers/clientes.go:105.3,105.57 1 0
github.com/filipeandrade6/fiap-pedeai-clientes/controllers/api/v1/handlers/clientes.go:105.57,109.4 3 0
github.com/filipeandrade6/fiap-pedeai-clientes/controllers/api/v1/handlers/clientes.go:113.78,114.54 1 0
github.com/filipeandrade6/fiap-pedeai-clientes/controllers/api/v1/handlers/clientes.go:114.54,117.17 3 0
github.com/filipeandrade6/fiap-pedeai-clientes/controllers/api/v1/handlers/clientes.go:117.17,120.4 2 0
github.com/filipeandrade6/fiap-pedeai-clientes/controllers/api/v1/handlers/clientes.go:122.3,123.17 2 0
github.com/filipeandrade6/fiap-pedeai-clientes/controllers/api/v1/handlers/clientes.go:123.17,126.4 2 0
github.com/filipeandrade6/fiap-pedeai-clientes/controllers/api/v1/handlers/clientes.go:128.3,129.17 2 0
github.com/filipeandrade6/fiap-pedeai-clientes/controllers/api/v1/handlers/clientes.go:129.17,132.4 2 0
github.com/filipeandrade6/fiap-pedeai-clientes/controllers/api/v1/handlers/clientes.go:134.3,134.33 1 0
github.com/filipeandrade6/fiap-pedeai-clientes/controllers/api/v1/handlers/clientes.go:138.78,139.54 1 0
github.com/filipeandrade6/fiap-pedeai-clientes/controllers/api/v1/handlers/clientes.go:139.54,142.17 3 0
github.com/filipeandrade6/fiap-pedeai-clientes/controllers/api/v1/handlers/clientes.go:142.17,146.4 3 0
github.com/filipeandrade6/fiap-pedeai-clientes/controllers/api/v1/handlers/clientes.go:148.3,150.17 3 0
github.com/filipeandrade6/fiap-pedeai-clientes/controllers/api/v1/handlers/clientes.go:150.17,153.4 2 0
github.com/filipeandrade6/fiap-pedeai-clientes/controllers/api/v1/handlers/clientes.go:154.3,157.17 3 0
github.com/filipeandrade6/fiap-pedeai-clientes/controllers/api/v1/handlers/clientes.go:157.17,160.4 2 0
github.com/filipeandrade6/fiap-pedeai-clientes/controllers/api/v1/handlers/clientes.go:162.3,162.51 1 0
github.com/filipeandrade6/fiap-pedeai-clientes/controllers/api/v1/handlers/clientes.go:162.51,165.4 2 0
github.com/filipeandrade6/fiap-pedeai-clientes/controllers/api/v1/handlers/clientes.go:167.3,167.38 1 0
github.com/filipeandrade6/fiap-pedeai-clientes/controllers/api/v1/handlers/clientes.go:171.78,172.54 1 0
github.com/filipeandrade6/fiap-pedeai-clientes/controllers/api/v1/handlers/clientes.go:172.54,175.17 3 0
github.com/filipeandrade6/fiap-pedeai-clientes/controllers/api/v1/handlers/clientes.go:175.17,179.4 3 0
github.com/filipeandrade6/fiap-pedeai-clientes/controllers/api/v1/handlers/clientes.go:181.3,181.48 1 0
github.com/filipeandrade6/fiap-pedeai-clientes/controllers/api/v1/handlers/clientes.go:181.48,185.4 3 0
github.com/filipeandrade6/fiap-pedeai-clientes/controllers/api/v1/handlers/clientes.go:187.3,187.38 1 0
